{"C:\\учеба\\web\\work\\itop1000\\crudApp\\api\\server.js": {"path":"C:\\учеба\\web\\work\\itop1000\\crudApp\\api\\server.js","statementMap":{"0":{"start":{"line":3,"column":23},"end":{"line":3,"column":53}},"1":{"start":{"line":4,"column":27},"end":{"line":4,"column":61}},"2":{"start":{"line":5,"column":24},"end":{"line":5,"column":54}},"3":{"start":{"line":6,"column":28},"end":{"line":6,"column":63}},"4":{"start":{"line":7,"column":16},"end":{"line":7,"column":34}},"5":{"start":{"line":8,"column":17},"end":{"line":8,"column":36}},"6":{"start":{"line":9,"column":13},"end":{"line":9,"column":28}},"7":{"start":{"line":11,"column":12},"end":{"line":11,"column":21}},"8":{"start":{"line":12,"column":13},"end":{"line":12,"column":17}},"9":{"start":{"line":14,"column":2},"end":{"line":14,"column":264}},"10":{"start":{"line":16,"column":0},"end":{"line":16,"column":24}},"11":{"start":{"line":17,"column":0},"end":{"line":17,"column":16}},"12":{"start":{"line":18,"column":0},"end":{"line":18,"column":33}},"13":{"start":{"line":19,"column":0},"end":{"line":19,"column":41}},"14":{"start":{"line":20,"column":0},"end":{"line":20,"column":35}},"15":{"start":{"line":21,"column":0},"end":{"line":21,"column":43}},"16":{"start":{"line":22,"column":0},"end":{"line":22,"column":43}},"17":{"start":{"line":24,"column":14},"end":{"line":34,"column":1}},"18":{"start":{"line":25,"column":2},"end":{"line":33,"column":3}},"19":{"start":{"line":26,"column":4},"end":{"line":29,"column":7}},"20":{"start":{"line":31,"column":4},"end":{"line":31,"column":21}},"21":{"start":{"line":32,"column":4},"end":{"line":32,"column":20}},"22":{"start":{"line":36,"column":0},"end":{"line":36,"column":8}},"23":{"start":{"line":38,"column":0},"end":{"line":42,"column":1}},"24":{"start":{"line":39,"column":2},"end":{"line":41,"column":5}},"25":{"start":{"line":40,"column":4},"end":{"line":40,"column":57}},"26":{"start":{"line":44,"column":0},"end":{"line":44,"column":21}}},"fnMap":{"0":{"name":"(anonymous_0)","decl":{"start":{"line":24,"column":14},"end":{"line":24,"column":15}},"loc":{"start":{"line":24,"column":26},"end":{"line":34,"column":1}},"line":24},"1":{"name":"(anonymous_1)","decl":{"start":{"line":39,"column":19},"end":{"line":39,"column":20}},"loc":{"start":{"line":39,"column":25},"end":{"line":41,"column":3}},"line":39}},"branchMap":{"0":{"loc":{"start":{"line":38,"column":0},"end":{"line":42,"column":1}},"type":"if","locations":[{"start":{"line":38,"column":0},"end":{"line":42,"column":1}},{"start":{"line":38,"column":0},"end":{"line":42,"column":1}}],"line":38}},"s":{"0":4,"1":4,"2":4,"3":4,"4":4,"5":4,"6":4,"7":4,"8":4,"9":4,"10":4,"11":4,"12":4,"13":4,"14":4,"15":4,"16":4,"17":4,"18":4,"19":4,"20":0,"21":0,"22":4,"23":4,"24":0,"25":0,"26":4},"f":{"0":4,"1":0},"b":{"0":[0,4]},"_coverageSchema":"1a1c01bbd47fc00a2c39e90264f33305004495a9","hash":"240dcdd81b9494c1ff651fee35efdd14a8731f93"}
,"C:\\учеба\\web\\work\\itop1000\\crudApp\\api\\config\\config.js": {"path":"C:\\учеба\\web\\work\\itop1000\\crudApp\\api\\config\\config.js","statementMap":{"0":{"start":{"line":1,"column":0},"end":{"line":3,"column":1}}},"fnMap":{},"branchMap":{},"s":{"0":4},"f":{},"b":{},"_coverageSchema":"1a1c01bbd47fc00a2c39e90264f33305004495a9","hash":"4676a9a536f0e2c54af200d34e97ad5a6e1cb017"}
,"C:\\учеба\\web\\work\\itop1000\\crudApp\\api\\middleware\\authMiddleware.js": {"path":"C:\\учеба\\web\\work\\itop1000\\crudApp\\api\\middleware\\authMiddleware.js","statementMap":{"0":{"start":{"line":1,"column":12},"end":{"line":1,"column":35}},"1":{"start":{"line":2,"column":19},"end":{"line":2,"column":46}},"2":{"start":{"line":4,"column":0},"end":{"line":23,"column":2}},"3":{"start":{"line":5,"column":2},"end":{"line":7,"column":3}},"4":{"start":{"line":6,"column":4},"end":{"line":6,"column":11}},"5":{"start":{"line":9,"column":2},"end":{"line":22,"column":3}},"6":{"start":{"line":10,"column":18},"end":{"line":10,"column":57}},"7":{"start":{"line":11,"column":4},"end":{"line":13,"column":5}},"8":{"start":{"line":12,"column":6},"end":{"line":12,"column":73}},"9":{"start":{"line":15,"column":24},"end":{"line":15,"column":49}},"10":{"start":{"line":17,"column":4},"end":{"line":17,"column":27}},"11":{"start":{"line":18,"column":4},"end":{"line":18,"column":11}},"12":{"start":{"line":21,"column":4},"end":{"line":21,"column":72}}},"fnMap":{"0":{"name":"(anonymous_0)","decl":{"start":{"line":4,"column":17},"end":{"line":4,"column":18}},"loc":{"start":{"line":4,"column":43},"end":{"line":23,"column":1}},"line":4}},"branchMap":{"0":{"loc":{"start":{"line":5,"column":2},"end":{"line":7,"column":3}},"type":"if","locations":[{"start":{"line":5,"column":2},"end":{"line":7,"column":3}},{"start":{"line":5,"column":2},"end":{"line":7,"column":3}}],"line":5},"1":{"loc":{"start":{"line":11,"column":4},"end":{"line":13,"column":5}},"type":"if","locations":[{"start":{"line":11,"column":4},"end":{"line":13,"column":5}},{"start":{"line":11,"column":4},"end":{"line":13,"column":5}}],"line":11}},"s":{"0":4,"1":4,"2":4,"3":17,"4":0,"5":17,"6":17,"7":17,"8":0,"9":17,"10":16,"11":16,"12":1},"f":{"0":17},"b":{"0":[0,17],"1":[0,17]},"_coverageSchema":"1a1c01bbd47fc00a2c39e90264f33305004495a9","hash":"4eebb752619142045778f3c932a62a6ff3f21402"}
,"C:\\учеба\\web\\work\\itop1000\\crudApp\\api\\routes\\authRoutes.js": {"path":"C:\\учеба\\web\\work\\itop1000\\crudApp\\api\\routes\\authRoutes.js","statementMap":{"0":{"start":{"line":1,"column":19},"end":{"line":1,"column":37}},"1":{"start":{"line":2,"column":17},"end":{"line":2,"column":41}},"2":{"start":{"line":3,"column":15},"end":{"line":3,"column":34}},"3":{"start":{"line":4,"column":12},"end":{"line":4,"column":35}},"4":{"start":{"line":5,"column":19},"end":{"line":5,"column":46}},"5":{"start":{"line":6,"column":23},"end":{"line":6,"column":62}},"6":{"start":{"line":8,"column":15},"end":{"line":8,"column":23}},"7":{"start":{"line":10,"column":0},"end":{"line":50,"column":3}},"8":{"start":{"line":11,"column":2},"end":{"line":49,"column":3}},"9":{"start":{"line":12,"column":32},"end":{"line":12,"column":40}},"10":{"start":{"line":13,"column":17},"end":{"line":13,"column":46}},"11":{"start":{"line":14,"column":4},"end":{"line":18,"column":5}},"12":{"start":{"line":15,"column":6},"end":{"line":17,"column":63}},"13":{"start":{"line":20,"column":24},"end":{"line":20,"column":69}},"14":{"start":{"line":22,"column":4},"end":{"line":28,"column":5}},"15":{"start":{"line":23,"column":6},"end":{"line":27,"column":11}},"16":{"start":{"line":30,"column":27},"end":{"line":30,"column":37}},"17":{"start":{"line":32,"column":18},"end":{"line":32,"column":116}},"18":{"start":{"line":34,"column":4},"end":{"line":34,"column":65}},"19":{"start":{"line":36,"column":4},"end":{"line":45,"column":7}},"20":{"start":{"line":48,"column":4},"end":{"line":48,"column":75}},"21":{"start":{"line":52,"column":0},"end":{"line":88,"column":3}},"22":{"start":{"line":53,"column":2},"end":{"line":87,"column":3}},"23":{"start":{"line":54,"column":48},"end":{"line":54,"column":56}},"24":{"start":{"line":56,"column":22},"end":{"line":56,"column":51}},"25":{"start":{"line":58,"column":4},"end":{"line":62,"column":5}},"26":{"start":{"line":59,"column":6},"end":{"line":61,"column":64}},"27":{"start":{"line":64,"column":25},"end":{"line":64,"column":53}},"28":{"start":{"line":66,"column":17},"end":{"line":72,"column":6}},"29":{"start":{"line":74,"column":4},"end":{"line":74,"column":22}},"30":{"start":{"line":76,"column":4},"end":{"line":83,"column":7}},"31":{"start":{"line":85,"column":4},"end":{"line":85,"column":21}},"32":{"start":{"line":86,"column":4},"end":{"line":86,"column":75}},"33":{"start":{"line":101,"column":0},"end":{"line":118,"column":3}},"34":{"start":{"line":102,"column":2},"end":{"line":117,"column":3}},"35":{"start":{"line":103,"column":27},"end":{"line":103,"column":37}},"36":{"start":{"line":105,"column":18},"end":{"line":105,"column":123}},"37":{"start":{"line":107,"column":4},"end":{"line":110,"column":6}},"38":{"start":{"line":112,"column":4},"end":{"line":112,"column":112}},"39":{"start":{"line":114,"column":4},"end":{"line":116,"column":55}},"40":{"start":{"line":120,"column":0},"end":{"line":120,"column":40}}},"fnMap":{"0":{"name":"(anonymous_0)","decl":{"start":{"line":10,"column":22},"end":{"line":10,"column":23}},"loc":{"start":{"line":10,"column":42},"end":{"line":50,"column":1}},"line":10},"1":{"name":"(anonymous_1)","decl":{"start":{"line":52,"column":25},"end":{"line":52,"column":26}},"loc":{"start":{"line":52,"column":45},"end":{"line":88,"column":1}},"line":52},"2":{"name":"(anonymous_2)","decl":{"start":{"line":101,"column":40},"end":{"line":101,"column":41}},"loc":{"start":{"line":101,"column":60},"end":{"line":118,"column":1}},"line":101}},"branchMap":{"0":{"loc":{"start":{"line":14,"column":4},"end":{"line":18,"column":5}},"type":"if","locations":[{"start":{"line":14,"column":4},"end":{"line":18,"column":5}},{"start":{"line":14,"column":4},"end":{"line":18,"column":5}}],"line":14},"1":{"loc":{"start":{"line":22,"column":4},"end":{"line":28,"column":5}},"type":"if","locations":[{"start":{"line":22,"column":4},"end":{"line":28,"column":5}},{"start":{"line":22,"column":4},"end":{"line":28,"column":5}}],"line":22},"2":{"loc":{"start":{"line":58,"column":4},"end":{"line":62,"column":5}},"type":"if","locations":[{"start":{"line":58,"column":4},"end":{"line":62,"column":5}},{"start":{"line":58,"column":4},"end":{"line":62,"column":5}}],"line":58}},"s":{"0":4,"1":4,"2":4,"3":4,"4":4,"5":4,"6":4,"7":4,"8":7,"9":7,"10":7,"11":7,"12":1,"13":6,"14":6,"15":1,"16":5,"17":5,"18":5,"19":5,"20":0,"21":4,"22":2,"23":2,"24":2,"25":2,"26":1,"27":1,"28":1,"29":1,"30":1,"31":0,"32":0,"33":4,"34":1,"35":1,"36":1,"37":1,"38":1,"39":0,"40":4},"f":{"0":7,"1":2,"2":1},"b":{"0":[1,6],"1":[1,5],"2":[1,1]},"_coverageSchema":"1a1c01bbd47fc00a2c39e90264f33305004495a9","hash":"132e925704148ddd8b6aca9a8d850f601c7d7bce"}
,"C:\\учеба\\web\\work\\itop1000\\crudApp\\api\\routes\\dashboardRoutes.js": {"path":"C:\\учеба\\web\\work\\itop1000\\crudApp\\api\\routes\\dashboardRoutes.js","statementMap":{"0":{"start":{"line":1,"column":19},"end":{"line":1,"column":37}},"1":{"start":{"line":2,"column":20},"end":{"line":2,"column":48}},"2":{"start":{"line":3,"column":17},"end":{"line":3,"column":41}},"3":{"start":{"line":4,"column":23},"end":{"line":4,"column":62}},"4":{"start":{"line":6,"column":15},"end":{"line":6,"column":23}},"5":{"start":{"line":8,"column":0},"end":{"line":19,"column":3}},"6":{"start":{"line":9,"column":2},"end":{"line":18,"column":3}},"7":{"start":{"line":10,"column":23},"end":{"line":10,"column":50}},"8":{"start":{"line":11,"column":25},"end":{"line":11,"column":55}},"9":{"start":{"line":13,"column":21},"end":{"line":13,"column":41}},"10":{"start":{"line":15,"column":4},"end":{"line":15,"column":71}},"11":{"start":{"line":17,"column":4},"end":{"line":17,"column":75}},"12":{"start":{"line":21,"column":0},"end":{"line":21,"column":45}}},"fnMap":{"0":{"name":"(anonymous_0)","decl":{"start":{"line":8,"column":32},"end":{"line":8,"column":33}},"loc":{"start":{"line":8,"column":52},"end":{"line":19,"column":1}},"line":8}},"branchMap":{},"s":{"0":4,"1":4,"2":4,"3":4,"4":4,"5":4,"6":1,"7":1,"8":1,"9":1,"10":1,"11":0,"12":4},"f":{"0":1},"b":{},"_coverageSchema":"1a1c01bbd47fc00a2c39e90264f33305004495a9","hash":"46a68e2ef5ad790e1d9783636e0292da33a8e26f"}
,"C:\\учеба\\web\\work\\itop1000\\crudApp\\api\\routes\\profilesRoutes.js": {"path":"C:\\учеба\\web\\work\\itop1000\\crudApp\\api\\routes\\profilesRoutes.js","statementMap":{"0":{"start":{"line":1,"column":19},"end":{"line":1,"column":37}},"1":{"start":{"line":2,"column":20},"end":{"line":2,"column":48}},"2":{"start":{"line":3,"column":23},"end":{"line":3,"column":62}},"3":{"start":{"line":5,"column":15},"end":{"line":5,"column":23}},"4":{"start":{"line":7,"column":0},"end":{"line":20,"column":3}},"5":{"start":{"line":8,"column":2},"end":{"line":19,"column":3}},"6":{"start":{"line":9,"column":21},"end":{"line":14,"column":6}},"7":{"start":{"line":16,"column":4},"end":{"line":16,"column":42}},"8":{"start":{"line":18,"column":4},"end":{"line":18,"column":75}},"9":{"start":{"line":22,"column":0},"end":{"line":30,"column":3}},"10":{"start":{"line":23,"column":2},"end":{"line":29,"column":3}},"11":{"start":{"line":24,"column":21},"end":{"line":24,"column":41}},"12":{"start":{"line":26,"column":4},"end":{"line":26,"column":42}},"13":{"start":{"line":28,"column":4},"end":{"line":28,"column":75}},"14":{"start":{"line":32,"column":0},"end":{"line":49,"column":3}},"15":{"start":{"line":33,"column":2},"end":{"line":48,"column":3}},"16":{"start":{"line":34,"column":42},"end":{"line":34,"column":50}},"17":{"start":{"line":35,"column":24},"end":{"line":35,"column":44}},"18":{"start":{"line":37,"column":20},"end":{"line":41,"column":6}},"19":{"start":{"line":43,"column":4},"end":{"line":43,"column":25}},"20":{"start":{"line":45,"column":4},"end":{"line":45,"column":41}},"21":{"start":{"line":47,"column":4},"end":{"line":47,"column":75}},"22":{"start":{"line":51,"column":0},"end":{"line":79,"column":3}},"23":{"start":{"line":52,"column":2},"end":{"line":78,"column":3}},"24":{"start":{"line":53,"column":47},"end":{"line":53,"column":55}},"25":{"start":{"line":55,"column":24},"end":{"line":55,"column":44}},"26":{"start":{"line":57,"column":20},"end":{"line":57,"column":50}},"27":{"start":{"line":59,"column":4},"end":{"line":63,"column":5}},"28":{"start":{"line":60,"column":6},"end":{"line":62,"column":65}},"29":{"start":{"line":65,"column":4},"end":{"line":75,"column":5}},"30":{"start":{"line":66,"column":6},"end":{"line":69,"column":8}},"31":{"start":{"line":70,"column":6},"end":{"line":70,"column":79}},"32":{"start":{"line":72,"column":6},"end":{"line":74,"column":65}},"33":{"start":{"line":77,"column":4},"end":{"line":77,"column":75}},"34":{"start":{"line":81,"column":0},"end":{"line":101,"column":3}},"35":{"start":{"line":82,"column":2},"end":{"line":100,"column":3}},"36":{"start":{"line":83,"column":20},"end":{"line":83,"column":64}},"37":{"start":{"line":85,"column":4},"end":{"line":87,"column":5}},"38":{"start":{"line":86,"column":6},"end":{"line":86,"column":62}},"39":{"start":{"line":89,"column":4},"end":{"line":97,"column":5}},"40":{"start":{"line":90,"column":6},"end":{"line":90,"column":53}},"41":{"start":{"line":92,"column":6},"end":{"line":92,"column":79}},"42":{"start":{"line":94,"column":6},"end":{"line":96,"column":65}},"43":{"start":{"line":99,"column":4},"end":{"line":99,"column":75}},"44":{"start":{"line":103,"column":0},"end":{"line":103,"column":44}}},"fnMap":{"0":{"name":"(anonymous_0)","decl":{"start":{"line":7,"column":35},"end":{"line":7,"column":36}},"loc":{"start":{"line":7,"column":55},"end":{"line":20,"column":1}},"line":7},"1":{"name":"(anonymous_1)","decl":{"start":{"line":22,"column":32},"end":{"line":22,"column":33}},"loc":{"start":{"line":22,"column":52},"end":{"line":30,"column":1}},"line":22},"2":{"name":"(anonymous_2)","decl":{"start":{"line":32,"column":39},"end":{"line":32,"column":40}},"loc":{"start":{"line":32,"column":59},"end":{"line":49,"column":1}},"line":32},"3":{"name":"(anonymous_3)","decl":{"start":{"line":51,"column":38},"end":{"line":51,"column":39}},"loc":{"start":{"line":51,"column":58},"end":{"line":79,"column":1}},"line":51},"4":{"name":"(anonymous_4)","decl":{"start":{"line":81,"column":41},"end":{"line":81,"column":42}},"loc":{"start":{"line":81,"column":61},"end":{"line":101,"column":1}},"line":81}},"branchMap":{"0":{"loc":{"start":{"line":11,"column":8},"end":{"line":13,"column":23}},"type":"cond-expr","locations":[{"start":{"line":12,"column":12},"end":{"line":12,"column":25}},{"start":{"line":13,"column":12},"end":{"line":13,"column":23}}],"line":11},"1":{"loc":{"start":{"line":11,"column":8},"end":{"line":11,"column":50}},"type":"binary-expr","locations":[{"start":{"line":11,"column":8},"end":{"line":11,"column":21}},{"start":{"line":11,"column":25},"end":{"line":11,"column":50}}],"line":11},"2":{"loc":{"start":{"line":40,"column":13},"end":{"line":40,"column":49}},"type":"cond-expr","locations":[{"start":{"line":40,"column":30},"end":{"line":40,"column":35}},{"start":{"line":40,"column":38},"end":{"line":40,"column":49}}],"line":40},"3":{"loc":{"start":{"line":59,"column":4},"end":{"line":63,"column":5}},"type":"if","locations":[{"start":{"line":59,"column":4},"end":{"line":63,"column":5}},{"start":{"line":59,"column":4},"end":{"line":63,"column":5}}],"line":59},"4":{"loc":{"start":{"line":65,"column":4},"end":{"line":75,"column":5}},"type":"if","locations":[{"start":{"line":65,"column":4},"end":{"line":75,"column":5}},{"start":{"line":65,"column":4},"end":{"line":75,"column":5}}],"line":65},"5":{"loc":{"start":{"line":65,"column":8},"end":{"line":65,"column":66}},"type":"binary-expr","locations":[{"start":{"line":65,"column":8},"end":{"line":65,"column":37}},{"start":{"line":65,"column":41},"end":{"line":65,"column":66}}],"line":65},"6":{"loc":{"start":{"line":85,"column":4},"end":{"line":87,"column":5}},"type":"if","locations":[{"start":{"line":85,"column":4},"end":{"line":87,"column":5}},{"start":{"line":85,"column":4},"end":{"line":87,"column":5}}],"line":85},"7":{"loc":{"start":{"line":89,"column":4},"end":{"line":97,"column":5}},"type":"if","locations":[{"start":{"line":89,"column":4},"end":{"line":97,"column":5}},{"start":{"line":89,"column":4},"end":{"line":97,"column":5}}],"line":89},"8":{"loc":{"start":{"line":89,"column":8},"end":{"line":89,"column":71}},"type":"binary-expr","locations":[{"start":{"line":89,"column":8},"end":{"line":89,"column":42}},{"start":{"line":89,"column":46},"end":{"line":89,"column":71}}],"line":89}},"s":{"0":4,"1":4,"2":4,"3":4,"4":4,"5":1,"6":1,"7":1,"8":0,"9":4,"10":2,"11":2,"12":2,"13":0,"14":4,"15":1,"16":1,"17":1,"18":1,"19":1,"20":1,"21":0,"22":4,"23":1,"24":1,"25":1,"26":1,"27":1,"28":0,"29":1,"30":1,"31":1,"32":0,"33":0,"34":4,"35":1,"36":1,"37":1,"38":0,"39":1,"40":1,"41":1,"42":0,"43":0,"44":4},"f":{"0":1,"1":2,"2":1,"3":1,"4":1},"b":{"0":[1,0],"1":[1,1],"2":[1,0],"3":[0,1],"4":[1,0],"5":[1,1],"6":[0,1],"7":[1,0],"8":[1,1]},"_coverageSchema":"1a1c01bbd47fc00a2c39e90264f33305004495a9","hash":"986a831a07c14b70567fc629b8397ee94f9eb39c"}
,"C:\\учеба\\web\\work\\itop1000\\crudApp\\api\\routes\\userRoutes.js": {"path":"C:\\учеба\\web\\work\\itop1000\\crudApp\\api\\routes\\userRoutes.js","statementMap":{"0":{"start":{"line":1,"column":19},"end":{"line":1,"column":37}},"1":{"start":{"line":2,"column":17},"end":{"line":2,"column":41}},"2":{"start":{"line":3,"column":20},"end":{"line":3,"column":48}},"3":{"start":{"line":4,"column":23},"end":{"line":4,"column":62}},"4":{"start":{"line":6,"column":15},"end":{"line":6,"column":23}},"5":{"start":{"line":8,"column":0},"end":{"line":26,"column":3}},"6":{"start":{"line":9,"column":2},"end":{"line":25,"column":3}},"7":{"start":{"line":10,"column":19},"end":{"line":10,"column":32}},"8":{"start":{"line":12,"column":17},"end":{"line":12,"column":52}},"9":{"start":{"line":14,"column":4},"end":{"line":16,"column":5}},"10":{"start":{"line":15,"column":6},"end":{"line":15,"column":74}},"11":{"start":{"line":18,"column":4},"end":{"line":22,"column":7}},"12":{"start":{"line":24,"column":4},"end":{"line":24,"column":75}},"13":{"start":{"line":28,"column":0},"end":{"line":40,"column":3}},"14":{"start":{"line":29,"column":2},"end":{"line":39,"column":3}},"15":{"start":{"line":30,"column":4},"end":{"line":36,"column":5}},"16":{"start":{"line":31,"column":20},"end":{"line":31,"column":37}},"17":{"start":{"line":33,"column":6},"end":{"line":33,"column":41}},"18":{"start":{"line":35,"column":6},"end":{"line":35,"column":68}},"19":{"start":{"line":38,"column":4},"end":{"line":38,"column":71}},"20":{"start":{"line":42,"column":0},"end":{"line":63,"column":3}},"21":{"start":{"line":43,"column":2},"end":{"line":62,"column":3}},"22":{"start":{"line":44,"column":33},"end":{"line":44,"column":41}},"23":{"start":{"line":45,"column":4},"end":{"line":49,"column":5}},"24":{"start":{"line":46,"column":6},"end":{"line":48,"column":66}},"25":{"start":{"line":51,"column":4},"end":{"line":55,"column":5}},"26":{"start":{"line":52,"column":6},"end":{"line":54,"column":64}},"27":{"start":{"line":57,"column":4},"end":{"line":57,"column":49}},"28":{"start":{"line":58,"column":4},"end":{"line":58,"column":56}},"29":{"start":{"line":60,"column":4},"end":{"line":60,"column":19}},"30":{"start":{"line":61,"column":4},"end":{"line":61,"column":71}},"31":{"start":{"line":65,"column":0},"end":{"line":93,"column":3}},"32":{"start":{"line":66,"column":2},"end":{"line":92,"column":3}},"33":{"start":{"line":67,"column":23},"end":{"line":67,"column":31}},"34":{"start":{"line":69,"column":4},"end":{"line":73,"column":5}},"35":{"start":{"line":70,"column":6},"end":{"line":72,"column":66}},"36":{"start":{"line":75,"column":17},"end":{"line":75,"column":52}},"37":{"start":{"line":77,"column":4},"end":{"line":79,"column":5}},"38":{"start":{"line":78,"column":6},"end":{"line":78,"column":75}},"39":{"start":{"line":81,"column":4},"end":{"line":85,"column":5}},"40":{"start":{"line":82,"column":6},"end":{"line":84,"column":64}},"41":{"start":{"line":87,"column":4},"end":{"line":87,"column":42}},"42":{"start":{"line":88,"column":4},"end":{"line":88,"column":61}},"43":{"start":{"line":90,"column":4},"end":{"line":90,"column":19}},"44":{"start":{"line":91,"column":4},"end":{"line":91,"column":71}},"45":{"start":{"line":95,"column":0},"end":{"line":95,"column":41}}},"fnMap":{"0":{"name":"(anonymous_0)","decl":{"start":{"line":8,"column":35},"end":{"line":8,"column":36}},"loc":{"start":{"line":8,"column":55},"end":{"line":26,"column":1}},"line":8},"1":{"name":"(anonymous_1)","decl":{"start":{"line":28,"column":32},"end":{"line":28,"column":33}},"loc":{"start":{"line":28,"column":52},"end":{"line":40,"column":1}},"line":28},"2":{"name":"(anonymous_2)","decl":{"start":{"line":42,"column":38},"end":{"line":42,"column":39}},"loc":{"start":{"line":42,"column":58},"end":{"line":63,"column":1}},"line":42},"3":{"name":"(anonymous_3)","decl":{"start":{"line":65,"column":41},"end":{"line":65,"column":42}},"loc":{"start":{"line":65,"column":61},"end":{"line":93,"column":1}},"line":65}},"branchMap":{"0":{"loc":{"start":{"line":14,"column":4},"end":{"line":16,"column":5}},"type":"if","locations":[{"start":{"line":14,"column":4},"end":{"line":16,"column":5}},{"start":{"line":14,"column":4},"end":{"line":16,"column":5}}],"line":14},"1":{"loc":{"start":{"line":30,"column":4},"end":{"line":36,"column":5}},"type":"if","locations":[{"start":{"line":30,"column":4},"end":{"line":36,"column":5}},{"start":{"line":30,"column":4},"end":{"line":36,"column":5}}],"line":30},"2":{"loc":{"start":{"line":45,"column":4},"end":{"line":49,"column":5}},"type":"if","locations":[{"start":{"line":45,"column":4},"end":{"line":49,"column":5}},{"start":{"line":45,"column":4},"end":{"line":49,"column":5}}],"line":45},"3":{"loc":{"start":{"line":51,"column":4},"end":{"line":55,"column":5}},"type":"if","locations":[{"start":{"line":51,"column":4},"end":{"line":55,"column":5}},{"start":{"line":51,"column":4},"end":{"line":55,"column":5}}],"line":51},"4":{"loc":{"start":{"line":69,"column":4},"end":{"line":73,"column":5}},"type":"if","locations":[{"start":{"line":69,"column":4},"end":{"line":73,"column":5}},{"start":{"line":69,"column":4},"end":{"line":73,"column":5}}],"line":69},"5":{"loc":{"start":{"line":77,"column":4},"end":{"line":79,"column":5}},"type":"if","locations":[{"start":{"line":77,"column":4},"end":{"line":79,"column":5}},{"start":{"line":77,"column":4},"end":{"line":79,"column":5}}],"line":77},"6":{"loc":{"start":{"line":81,"column":4},"end":{"line":85,"column":5}},"type":"if","locations":[{"start":{"line":81,"column":4},"end":{"line":85,"column":5}},{"start":{"line":81,"column":4},"end":{"line":85,"column":5}}],"line":81}},"s":{"0":4,"1":4,"2":4,"3":4,"4":4,"5":4,"6":2,"7":2,"8":2,"9":1,"10":0,"11":1,"12":1,"13":4,"14":0,"15":0,"16":0,"17":0,"18":0,"19":0,"20":4,"21":3,"22":3,"23":3,"24":1,"25":2,"26":1,"27":1,"28":1,"29":0,"30":0,"31":4,"32":3,"33":3,"34":3,"35":1,"36":2,"37":1,"38":0,"39":1,"40":0,"41":1,"42":1,"43":1,"44":1,"45":4},"f":{"0":2,"1":0,"2":3,"3":3},"b":{"0":[0,1],"1":[0,0],"2":[1,2],"3":[1,1],"4":[1,2],"5":[0,1],"6":[0,1]},"_coverageSchema":"1a1c01bbd47fc00a2c39e90264f33305004495a9","hash":"3dc09e374a7f2da6fb200f0ef3daf484e2794938"}
,"C:\\учеба\\web\\work\\itop1000\\crudApp\\api\\routes\\models\\Profiles.js": {"path":"C:\\учеба\\web\\work\\itop1000\\crudApp\\api\\routes\\models\\Profiles.js","statementMap":{"0":{"start":{"line":1,"column":31},"end":{"line":1,"column":50}},"1":{"start":{"line":3,"column":15},"end":{"line":9,"column":2}},"2":{"start":{"line":11,"column":20},"end":{"line":11,"column":44}},"3":{"start":{"line":13,"column":0},"end":{"line":13,"column":42}}},"fnMap":{},"branchMap":{},"s":{"0":4,"1":4,"2":4,"3":4},"f":{},"b":{},"_coverageSchema":"1a1c01bbd47fc00a2c39e90264f33305004495a9","hash":"40003c15380676d4335f8e4112beb5f12c9d2654"}
,"C:\\учеба\\web\\work\\itop1000\\crudApp\\api\\routes\\models\\User.js": {"path":"C:\\учеба\\web\\work\\itop1000\\crudApp\\api\\routes\\models\\User.js","statementMap":{"0":{"start":{"line":1,"column":33},"end":{"line":1,"column":52}},"1":{"start":{"line":3,"column":15},"end":{"line":9,"column":2}},"2":{"start":{"line":11,"column":20},"end":{"line":11,"column":41}},"3":{"start":{"line":13,"column":0},"end":{"line":13,"column":39}}},"fnMap":{},"branchMap":{},"s":{"0":4,"1":4,"2":4,"3":4},"f":{},"b":{},"_coverageSchema":"1a1c01bbd47fc00a2c39e90264f33305004495a9","hash":"d1b297bdd3f95619cacebd59f6f8846ecfe296cc"}
}
