TN:
SF:server.js
FN:24,(anonymous_0)
FN:39,(anonymous_1)
FNF:2
FNH:1
FNDA:4,(anonymous_0)
FNDA:0,(anonymous_1)
DA:3,4
DA:4,4
DA:5,4
DA:6,4
DA:7,4
DA:8,4
DA:9,4
DA:11,4
DA:12,4
DA:14,4
DA:16,4
DA:17,4
DA:18,4
DA:19,4
DA:20,4
DA:21,4
DA:22,4
DA:24,4
DA:25,4
DA:26,4
DA:31,0
DA:32,0
DA:36,4
DA:38,4
DA:39,0
DA:40,0
DA:44,4
LF:27
LH:23
BRDA:38,0,0,0
BRDA:38,0,1,4
BRF:2
BRH:1
end_of_record
TN:
SF:config\config.js
FNF:0
FNH:0
DA:1,4
LF:1
LH:1
BRF:0
BRH:0
end_of_record
TN:
SF:middleware\authMiddleware.js
FN:4,(anonymous_0)
FNF:1
FNH:1
FNDA:17,(anonymous_0)
DA:1,4
DA:2,4
DA:4,4
DA:5,17
DA:6,0
DA:9,17
DA:10,17
DA:11,17
DA:12,0
DA:15,17
DA:17,16
DA:18,16
DA:21,1
LF:13
LH:11
BRDA:5,0,0,0
BRDA:5,0,1,17
BRDA:11,1,0,0
BRDA:11,1,1,17
BRF:4
BRH:2
end_of_record
TN:
SF:routes\authRoutes.js
FN:10,(anonymous_0)
FN:52,(anonymous_1)
FN:101,(anonymous_2)
FNF:3
FNH:3
FNDA:7,(anonymous_0)
FNDA:2,(anonymous_1)
FNDA:1,(anonymous_2)
DA:1,4
DA:2,4
DA:3,4
DA:4,4
DA:5,4
DA:6,4
DA:8,4
DA:10,4
DA:11,7
DA:12,7
DA:13,7
DA:14,7
DA:15,1
DA:20,6
DA:22,6
DA:23,1
DA:30,5
DA:32,5
DA:34,5
DA:36,5
DA:48,0
DA:52,4
DA:53,2
DA:54,2
DA:56,2
DA:58,2
DA:59,1
DA:64,1
DA:66,1
DA:74,1
DA:76,1
DA:85,0
DA:86,0
DA:101,4
DA:102,1
DA:103,1
DA:105,1
DA:107,1
DA:112,1
DA:114,0
DA:120,4
LF:41
LH:37
BRDA:14,0,0,1
BRDA:14,0,1,6
BRDA:22,1,0,1
BRDA:22,1,1,5
BRDA:58,2,0,1
BRDA:58,2,1,1
BRF:6
BRH:6
end_of_record
TN:
SF:routes\dashboardRoutes.js
FN:8,(anonymous_0)
FNF:1
FNH:1
FNDA:1,(anonymous_0)
DA:1,4
DA:2,4
DA:3,4
DA:4,4
DA:6,4
DA:8,4
DA:9,1
DA:10,1
DA:11,1
DA:13,1
DA:15,1
DA:17,0
DA:21,4
LF:13
LH:12
BRF:0
BRH:0
end_of_record
TN:
SF:routes\profilesRoutes.js
FN:7,(anonymous_0)
FN:22,(anonymous_1)
FN:32,(anonymous_2)
FN:51,(anonymous_3)
FN:81,(anonymous_4)
FNF:5
FNH:5
FNDA:1,(anonymous_0)
FNDA:2,(anonymous_1)
FNDA:1,(anonymous_2)
FNDA:1,(anonymous_3)
FNDA:1,(anonymous_4)
DA:1,4
DA:2,4
DA:3,4
DA:5,4
DA:7,4
DA:8,1
DA:9,1
DA:16,1
DA:18,0
DA:22,4
DA:23,2
DA:24,2
DA:26,2
DA:28,0
DA:32,4
DA:33,1
DA:34,1
DA:35,1
DA:37,1
DA:43,1
DA:45,1
DA:47,0
DA:51,4
DA:52,1
DA:53,1
DA:55,1
DA:57,1
DA:59,1
DA:60,0
DA:65,1
DA:66,1
DA:70,1
DA:72,0
DA:77,0
DA:81,4
DA:82,1
DA:83,1
DA:85,1
DA:86,0
DA:89,1
DA:90,1
DA:92,1
DA:94,0
DA:99,0
DA:103,4
LF:45
LH:36
BRDA:11,0,0,1
BRDA:11,0,1,0
BRDA:11,1,0,1
BRDA:11,1,1,1
BRDA:40,2,0,1
BRDA:40,2,1,0
BRDA:59,3,0,0
BRDA:59,3,1,1
BRDA:65,4,0,1
BRDA:65,4,1,0
BRDA:65,5,0,1
BRDA:65,5,1,1
BRDA:85,6,0,0
BRDA:85,6,1,1
BRDA:89,7,0,1
BRDA:89,7,1,0
BRDA:89,8,0,1
BRDA:89,8,1,1
BRF:18
BRH:12
end_of_record
TN:
SF:routes\userRoutes.js
FN:8,(anonymous_0)
FN:28,(anonymous_1)
FN:42,(anonymous_2)
FN:65,(anonymous_3)
FNF:4
FNH:3
FNDA:2,(anonymous_0)
FNDA:0,(anonymous_1)
FNDA:3,(anonymous_2)
FNDA:3,(anonymous_3)
DA:1,4
DA:2,4
DA:3,4
DA:4,4
DA:6,4
DA:8,4
DA:9,2
DA:10,2
DA:12,2
DA:14,1
DA:15,0
DA:18,1
DA:24,1
DA:28,4
DA:29,0
DA:30,0
DA:31,0
DA:33,0
DA:35,0
DA:38,0
DA:42,4
DA:43,3
DA:44,3
DA:45,3
DA:46,1
DA:51,2
DA:52,1
DA:57,1
DA:58,1
DA:60,0
DA:61,0
DA:65,4
DA:66,3
DA:67,3
DA:69,3
DA:70,1
DA:75,2
DA:77,1
DA:78,0
DA:81,1
DA:82,0
DA:87,1
DA:88,1
DA:90,1
DA:91,1
DA:95,4
LF:46
LH:35
BRDA:14,0,0,0
BRDA:14,0,1,1
BRDA:30,1,0,0
BRDA:30,1,1,0
BRDA:45,2,0,1
BRDA:45,2,1,2
BRDA:51,3,0,1
BRDA:51,3,1,1
BRDA:69,4,0,1
BRDA:69,4,1,2
BRDA:77,5,0,0
BRDA:77,5,1,1
BRDA:81,6,0,0
BRDA:81,6,1,1
BRF:14
BRH:9
end_of_record
TN:
SF:routes\models\Profiles.js
FNF:0
FNH:0
DA:1,4
DA:3,4
DA:11,4
DA:13,4
LF:4
LH:4
BRF:0
BRH:0
end_of_record
TN:
SF:routes\models\User.js
FNF:0
FNH:0
DA:1,4
DA:3,4
DA:11,4
DA:13,4
LF:4
LH:4
BRF:0
BRH:0
end_of_record
